# JRE version: OpenJDK Runtime Environment Temurin-21.0.3+9 (21.0.3+9) (build 21.0.3+9-LTS)
# Java VM: OpenJDK 64-Bit Server VM Temurin-21.0.3+9 (21.0.3+9-LTS, mixed mode, emulated-client, tiered, compressed oops, compressed class ptrs, g1 gc, windows-amd64)
GC Precious Log:
 CardTable entry size: 512
 Card Set container configuration: InlinePtr #cards 5 size 8 Array Of Cards #cards 12 size 40 Howl #buckets 4 coarsen threshold 1843 Howl Bitmap #cards 512 size 80 coarsen threshold 460 Card regions per heap region 1 cards per card region 2048
 CPUs: 8 total, 8 available
 Memory: 8067M
 Large Page Support: Disabled
 NUMA Support: Disabled
 Compressed Oops: Enabled (32-bit)
 Heap Region Size: 1M
 Heap Min Capacity: 8M
 Heap Initial Capacity: 128M
 Heap Max Capacity: 2018M
 Pre-touch: Disabled
 Parallel Workers: 8
 Concurrent Workers: 2
 Concurrent Refinement Workers: 8
 Periodic GC: Disabled
Heap:
 garbage-first heap   total 103424K, used 52196K [0x0000000081e00000, 0x0000000100000000)
  region size 1024K, 23 young (23552K), 5 survivors (5120K)
 Metaspace       used 87598K, committed 88640K, reserved 1179648K
  class space    used 11570K, committed 12032K, reserved 1048576K
GC Heap History (20 events):
Event: 6.073 GC heap before
{Heap before GC invocations=23 (full 0):
 garbage-first heap   total 86016K, used 72219K [0x0000000081e00000, 0x0000000100000000)
  region size 1024K, 50 young (51200K), 5 survivors (5120K)
 Metaspace       used 68982K, committed 69632K, reserved 1114112K
  class space    used 9050K, committed 9344K, reserved 1048576K
}
Event: 6.078 GC heap after
{Heap after GC invocations=24 (full 0):
 garbage-first heap   total 86016K, used 27736K [0x0000000081e00000, 0x0000000100000000)
  region size 1024K, 4 young (4096K), 4 survivors (4096K)
 Metaspace       used 68982K, committed 69632K, reserved 1114112K
  class space    used 9050K, committed 9344K, reserved 1048576K
}
Event: 7.166 GC heap before
{Heap before GC invocations=24 (full 0):
 garbage-first heap   total 86016K, used 74840K [0x0000000081e00000, 0x0000000100000000)
  region size 1024K, 50 young (51200K), 4 survivors (4096K)
 Metaspace       used 73479K, committed 74240K, reserved 1114112K
  class space    used 9649K, committed 9984K, reserved 1048576K
}
Event: 7.171 GC heap after
{Heap after GC invocations=25 (full 0):
 garbage-first heap   total 103424K, used 29636K [0x0000000081e00000, 0x0000000100000000)
  region size 1024K, 6 young (6144K), 6 survivors (6144K)
 Metaspace       used 73479K, committed 74240K, reserved 1114112K
  class space    used 9649K, committed 9984K, reserved 1048576K
}
Event: 7.715 GC heap before
{Heap before GC invocations=25 (full 0):
 garbage-first heap   total 103424K, used 84932K [0x0000000081e00000, 0x0000000100000000)
  region size 1024K, 60 young (61440K), 6 survivors (6144K)
 Metaspace       used 77189K, committed 77952K, reserved 1179648K
  class space    used 10183K, committed 10496K, reserved 1048576K
}
Event: 7.721 GC heap after
{Heap after GC invocations=26 (full 0):
 garbage-first heap   total 103424K, used 32437K [0x0000000081e00000, 0x0000000100000000)
  region size 1024K, 7 young (7168K), 7 survivors (7168K)
 Metaspace       used 77189K, committed 77952K, reserved 1179648K
  class space    used 10183K, committed 10496K, reserved 1048576K
}
Event: 18.650 GC heap before
{Heap before GC invocations=26 (full 0):
 garbage-first heap   total 103424K, used 85685K [0x0000000081e00000, 0x0000000100000000)
  region size 1024K, 60 young (61440K), 7 survivors (7168K)
 Metaspace       used 81296K, committed 82112K, reserved 1179648K
  class space    used 10758K, committed 11136K, reserved 1048576K
}
Event: 18.658 GC heap after
{Heap after GC invocations=27 (full 0):
 garbage-first heap   total 103424K, used 35043K [0x0000000081e00000, 0x0000000100000000)
  region size 1024K, 6 young (6144K), 6 survivors (6144K)
 Metaspace       used 81296K, committed 82112K, reserved 1179648K
  class space    used 10758K, committed 11136K, reserved 1048576K
}
Event: 55.834 GC heap before
{Heap before GC invocations=27 (full 0):
 garbage-first heap   total 103424K, used 89315K [0x0000000081e00000, 0x0000000100000000)
  region size 1024K, 60 young (61440K), 6 survivors (6144K)
 Metaspace       used 86697K, committed 87552K, reserved 1179648K
  class space    used 11530K, committed 11904K, reserved 1048576K
}
Event: 55.839 GC heap after
{Heap after GC invocations=28 (full 0):
 garbage-first heap   total 103424K, used 36188K [0x0000000081e00000, 0x0000000100000000)
  region size 1024K, 4 young (4096K), 4 survivors (4096K)
 Metaspace       used 86697K, committed 87552K, reserved 1179648K
  class space    used 11530K, committed 11904K, reserved 1048576K
}
Event: 58.642 GC heap before
{Heap before GC invocations=28 (full 0):
 garbage-first heap   total 103424K, used 39260K [0x0000000081e00000, 0x0000000100000000)
  region size 1024K, 8 young (8192K), 4 survivors (4096K)
 Metaspace       used 86777K, committed 87616K, reserved 1179648K
  class space    used 11561K, committed 11904K, reserved 1048576K
}
Event: 58.685 GC heap after
{Heap after GC invocations=29 (full 1):
 garbage-first heap   total 103424K, used 30326K [0x0000000081e00000, 0x0000000100000000)
  region size 1024K, 0 young (0K), 0 survivors (0K)
 Metaspace       used 86777K, committed 87616K, reserved 1179648K
  class space    used 11561K, committed 11904K, reserved 1048576K
}
Event: 59.402 GC heap before
{Heap before GC invocations=29 (full 1):
 garbage-first heap   total 103424K, used 90742K [0x0000000081e00000, 0x0000000100000000)
  region size 1024K, 60 young (61440K), 0 survivors (0K)
 Metaspace       used 87009K, committed 87872K, reserved 1179648K
  class space    used 11595K, committed 11968K, reserved 1048576K
}
Event: 59.405 GC heap after
{Heap after GC invocations=30 (full 1):
 garbage-first heap   total 103424K, used 35367K [0x0000000081e00000, 0x0000000100000000)
  region size 1024K, 5 young (5120K), 5 survivors (5120K)
 Metaspace       used 87009K, committed 87872K, reserved 1179648K
  class space    used 11595K, committed 11968K, reserved 1048576K
}
Event: 120.233 GC heap before
{Heap before GC invocations=30 (full 1):
 garbage-first heap   total 103424K, used 87591K [0x0000000081e00000, 0x0000000100000000)
  region size 1024K, 57 young (58368K), 5 survivors (5120K)
 Metaspace       used 87619K, committed 88512K, reserved 1179648K
  class space    used 11641K, committed 12032K, reserved 1048576K
}
Event: 120.238 GC heap after
{Heap after GC invocations=31 (full 1):
 garbage-first heap   total 103424K, used 37392K [0x0000000081e00000, 0x0000000100000000)
  region size 1024K, 4 young (4096K), 4 survivors (4096K)
 Metaspace       used 87619K, committed 88512K, reserved 1179648K
  class space    used 11641K, committed 12032K, reserved 1048576K
}
Event: 198.672 GC heap before
{Heap before GC invocations=31 (full 1):
 garbage-first heap   total 103424K, used 41488K [0x0000000081e00000, 0x0000000100000000)
  region size 1024K, 10 young (10240K), 4 survivors (4096K)
 Metaspace       used 87625K, committed 88512K, reserved 1179648K
  class space    used 11642K, committed 12032K, reserved 1048576K
}
Event: 198.724 GC heap after
{Heap after GC invocations=32 (full 2):
 garbage-first heap   total 103424K, used 29746K [0x0000000081e00000, 0x0000000100000000)
  region size 1024K, 0 young (0K), 0 survivors (0K)
 Metaspace       used 87160K, committed 88512K, reserved 1179648K
  class space    used 11527K, committed 12032K, reserved 1048576K
}
Event: 201.277 GC heap before
{Heap before GC invocations=32 (full 2):
 garbage-first heap   total 103424K, used 88114K [0x0000000081e00000, 0x0000000100000000)
  region size 1024K, 58 young (59392K), 0 survivors (0K)
 Metaspace       used 87356K, committed 88512K, reserved 1179648K
  class space    used 11553K, committed 12032K, reserved 1048576K
}
Event: 201.282 GC heap after
{Heap after GC invocations=33 (full 2):
 garbage-first heap   total 103424K, used 34788K [0x0000000081e00000, 0x0000000100000000)
  region size 1024K, 5 young (5120K), 5 survivors (5120K)
 Metaspace       used 87356K, committed 88512K, reserved 1179648K
  class space    used 11553K, committed 12032K, reserved 1048576K
}

